C51 COMPILER V9.60.7.0   ADC_WYH                                                           10/26/2023 19:06:11 PAGE 1   


C51 COMPILER V9.60.7.0, COMPILATION OF MODULE ADC_WYH
OBJECT MODULE PLACED IN .\Objects\ADC_wyh.obj
COMPILER INVOKED BY: D:\Keil_v5\C51\BIN\C51.EXE Sys\ADC_wyh.c OPTIMIZE(8,SPEED) BROWSE INCDIR(.\Driver;.\Sys) DEBUG OBJE
                    -CTEXTEND PRINT(.\Listings\ADC_wyh.lst) TABS(2) OBJECT(.\Objects\ADC_wyh.obj)

line level    source

   1          #include "ADC_WYH.h"
   2          
   3          u8 ADC_DATA = 0x0000;
   4          
   5          void ADC_Init_wyh(void){
   6   1        EA = 1;               //允许CPU接收中断
   7   1        EADC = 1;             //开启ADC转换中断
   8   1        P1ASF |= 0x01;        //选择P1.0口作为A/D端口
   9   1        ADC_CONTR = 0x88;     //开启ADC、清空ADC标志位、选择P1.0口作为模拟量输入
  10   1        CLK_DIV |= 0X20;      //ADC_RES存高两位、ADC_RESL存低八位
  11   1      }
  12          
  13          void ADC_Proc_wyh(void) interrupt 5
  14          {
  15   1        ADC_DATA = ADC_RESL;
  16   1        ADC_CONTR = 0x88;
  17   1      }
  18          
  19          float Get_Voltage(void){
  20   1        float Voltage;
  21   1        Voltage = (ADC_DATA / BIT_WIDTH) * VCC;
  22   1        return Voltage;
  23   1      }
*** WARNING C316 IN LINE 23 OF Sys\ADC_wyh.c: unterminated conditionals


MODULE INFORMATION:   STATIC OVERLAYABLE
   CODE SIZE        =     39    ----
   CONSTANT SIZE    =   ----    ----
   XDATA SIZE       =   ----    ----
   PDATA SIZE       =   ----    ----
   DATA SIZE        =      1    ----
   IDATA SIZE       =   ----    ----
   BIT SIZE         =   ----    ----
END OF MODULE INFORMATION.


C51 COMPILATION COMPLETE.  1 WARNING(S),  0 ERROR(S)
