C51 COMPILER V9.60.7.0   INIT                                                              10/26/2023 19:06:11 PAGE 1   


C51 COMPILER V9.60.7.0, COMPILATION OF MODULE INIT
OBJECT MODULE PLACED IN .\Objects\Init.obj
COMPILER INVOKED BY: D:\Keil_v5\C51\BIN\C51.EXE Sys\Init.c OPTIMIZE(8,SPEED) BROWSE INCDIR(.\Driver;.\Sys) DEBUG OBJECTE
                    -XTEND PRINT(.\Listings\Init.lst) TABS(2) OBJECT(.\Objects\Init.obj)

line level    source

   1          #include "INIT.H"
   2          /*
   3           *函数名：关闭板载外设
   4           *参数：无
   5           *返回值：无
   6           *功能：关闭板载外设
   7           */
   8          void cls_bsp_Periphral(void)
   9          {
  10   1        P2 &= 0x1F; // 清空P2高三位
  11   1        P2 |= 0xA0; // 选通Y5C
  12   1        P0 = 0x00;  // 关闭外设
  13   1        Delay(1);
  14   1        P2 &= 0x1F; // 清空P2高三位
  15   1        P2 |= 0x80; // 选通Y4C
  16   1        P0 = 0xFF;  // 关闭LED
  17   1        Delay(1);
  18   1        P2 &= 0x1F;
  19   1      }
  20          
  21          /*
  22           *函数名：LED初始化函数
  23           *参数：无
  24           *返回值：无
  25           *功能：初始化LED，选通Y4C
  26           */
  27          void bsp_Led_Init(void)
  28          {
  29   1        P2 &= 0x1F; // 清空P2高三位
  30   1        Delay(1);
  31   1        P2 |= 0x80; // 选通Y4C
  32   1      }
  33          
  34          /*
  35           *函数名：数码管初始化函数
  36           *参数：无
  37           *返回值：无
  38           *功能：初始化数码管，选通Y7C
  39           */
  40          void bsp_Cls_Nixie(void)
  41          {
  42   1        P2 &= 0x1F;
  43   1        P2 |= 0xE0;
  44   1        Delay(1);
  45   1        P0 = 0xFF;
  46   1        P2 &= 0x1F;
  47   1      }
*** WARNING C316 IN LINE 47 OF Sys\Init.c: unterminated conditionals


MODULE INFORMATION:   STATIC OVERLAYABLE
   CODE SIZE        =     69    ----
   CONSTANT SIZE    =   ----    ----
   XDATA SIZE       =   ----    ----
C51 COMPILER V9.60.7.0   INIT                                                              10/26/2023 19:06:11 PAGE 2   

   PDATA SIZE       =   ----    ----
   DATA SIZE        =   ----    ----
   IDATA SIZE       =   ----    ----
   BIT SIZE         =   ----    ----
END OF MODULE INFORMATION.


C51 COMPILATION COMPLETE.  1 WARNING(S),  0 ERROR(S)
