C51 COMPILER V9.60.7.0   MAIN                                                              10/26/2023 19:06:11 PAGE 1   


C51 COMPILER V9.60.7.0, COMPILATION OF MODULE MAIN
OBJECT MODULE PLACED IN .\Objects\main.obj
COMPILER INVOKED BY: D:\Keil_v5\C51\BIN\C51.EXE User\main.c OPTIMIZE(8,SPEED) BROWSE INCDIR(.\Driver;.\Sys) DEBUG OBJECT
                    -EXTEND PRINT(.\Listings\main.lst) TABS(2) OBJECT(.\Objects\main.obj)

line level    source

   1          #include "HEADFILE_WYH.H"
   2          
   3          KS key = {1, 1, 20};     // åˆå§‹åŒ–ç»“æ„ä½“æˆå‘˜(æŒ‰é”®S5é»˜è®¤è®¡æ¬¡ä»1æ¬¡å¼€å§‹ï¼ŒæŒ‰é”®S6é»˜è®¤è®¡æ
             -¬¡ä»1å¼€å§‹ï¼Œäº®åº¦åˆå§‹ä¸º20)
*** ERROR C129 IN LINE 3 OF User\main.c: missing ';' before 'key'
   4          bit S5_press_flag = 0;     // S5æŒ‰é”®æ ‡å¿—ä½
   5          bit S6_press_flag = 0;     // S6æŒ‰é”®æ ‡å¿—ä½
   6          extern SData Strings_Data; // å­—ç¬¦ä¸²ç»“æ„ä½“
   7          extern bit receive_flag;   // è½¯ä»¶æ¥å—æ ‡å¿—ä½
   8          
   9          /*
  10           *å‡½æ•°åï¼šä¸»å‡½æ•°
  11           *å‚æ•°ï¼šæ— 
  12           *è¿”å›å€¼ï¼šæ— 
  13           *åŠŸèƒ½ï¼šç”¨ä¸¤ä¸ªæŒ‰é”®åˆ†åˆ«æ§åˆ¶æµæ°´ç¯è¿è¡Œæ¨¡å¼ä»¥åŠLEDç¯äº®åº¦
  14           */
  15          void main(void)
  16          {
  17            cls_bsp_Periphral();  // å…³é—­æ¿è½½å¤–è®¾
  18            bsp_Cls_Nixie();      // å…³é—­æ•°ç ç®¡
  19            
  20            ADC_Init_wyh();
  21            Uart_Init();
  22            while (1)
  23            {
  24              print_vofa_wyh();
  25            }
  26          }
*** WARNING C316 IN LINE 26 OF User\main.c: unterminated conditionals

C51 COMPILATION COMPLETE.  1 WARNING(S),  1 ERROR(S)
