C51 COMPILER V9.60.7.0   VOFA_WYH                                                          10/26/2023 19:06:11 PAGE 1   


C51 COMPILER V9.60.7.0, COMPILATION OF MODULE VOFA_WYH
OBJECT MODULE PLACED IN .\Objects\Vofa_wyh.obj
COMPILER INVOKED BY: D:\Keil_v5\C51\BIN\C51.EXE Sys\Vofa_wyh.c OPTIMIZE(8,SPEED) BROWSE INCDIR(.\Driver;.\Sys) DEBUG OBJ
                    -ECTEXTEND PRINT(.\Listings\Vofa_wyh.lst) TABS(2) OBJECT(.\Objects\Vofa_wyh.obj)

line level    source

   1          #include "VOFA_WYH.H"
   2          
   3          struct Frame FrameData = {0.000001,0x00,0x00,0x80,0x7f};
   4          extern u8 ADC_DATA;
   5          
   6          void Uart_Sendtail_wyh(void){
   7   1        u8 i;
   8   1        for (i = 0;i < 4;i++) Uart_SendByte(FrameData.tail[i]);
   9   1      }
  10          
  11          void print_vofa_wyh(void){
  12   1        FrameData.fdata[0] += 2;
  13   1        printf("CH1:%f\n",FrameData.fdata[0]);
  14   1      //  Uart_Sendtail_wyh();
  15   1      }
*** WARNING C316 IN LINE 15 OF Sys\Vofa_wyh.c: unterminated conditionals


MODULE INFORMATION:   STATIC OVERLAYABLE
   CODE SIZE        =     65    ----
   CONSTANT SIZE    =      8    ----
   XDATA SIZE       =   ----    ----
   PDATA SIZE       =   ----    ----
   DATA SIZE        =      8       1
   IDATA SIZE       =   ----    ----
   BIT SIZE         =   ----    ----
END OF MODULE INFORMATION.


C51 COMPILATION COMPLETE.  1 WARNING(S),  0 ERROR(S)
